2025-09-29 13:36:15,957 DEBUG    root            Loaded Command Group: ['gcloud', 'components']
2025-09-29 13:36:15,961 DEBUG    root            Loaded Command Group: ['gcloud', 'components', 'update']
2025-09-29 13:36:15,963 DEBUG    root            Running [gcloud.components.update] with arguments: [--compile-python: "True", --quiet: "True", COMPONENT-IDS:6: "['core', 'gcloud-deps', 'bq', 'gcloud', 'gcloud-crc32c', 'gsutil']"]
2025-09-29 13:36:15,964 INFO     ___FILE_ONLY___ Beginning update. This process may take several minutes.

2025-09-29 13:36:15,999 DEBUG    urllib3.connectionpool Starting new HTTPS connection (1): dl.google.com:443
2025-09-29 13:36:16,982 DEBUG    urllib3.connectionpool https://dl.google.com:443 "GET /dl/cloudsdk/channels/rapid/components-2.json HTTP/11" 200 233149
2025-09-29 13:36:16,992 INFO     ___FILE_ONLY___ 

2025-09-29 13:36:16,993 INFO     ___FILE_ONLY___ 
Your current Google Cloud CLI version is: 540.0.0

2025-09-29 13:36:16,993 INFO     ___FILE_ONLY___ Installing components from version: 540.0.0

2025-09-29 13:36:16,993 INFO     ___FILE_ONLY___ 

2025-09-29 13:36:16,993 DEBUG    root            Chosen display Format:table[box,title="These components will be removed."](details.display_name:label=Name:align=left,version.version_string:label=Version:align=right,data.size.size(zero="",min=1048576):label=Size:align=right)
2025-09-29 13:36:16,994 DEBUG    root            Chosen display Format:table[box,title="These components will be updated."](details.display_name:label=Name:align=left,version.version_string:label=Version:align=right,data.size.size(zero="",min=1048576):label=Size:align=right)
2025-09-29 13:36:16,994 DEBUG    root            Chosen display Format:table[box,title="These components will be installed."](details.display_name:label=Name:align=left,version.version_string:label=Version:align=right,data.size.size(zero="",min=1048576):label=Size:align=right)
2025-09-29 13:36:17,036 INFO     ___FILE_ONLY___ ┌─────────────────────────────────────────────────────────────────────────────┐
2025-09-29 13:36:17,036 INFO     ___FILE_ONLY___ 

2025-09-29 13:36:17,036 INFO     ___FILE_ONLY___ │                     These components will be installed.                     │
2025-09-29 13:36:17,036 INFO     ___FILE_ONLY___ 

2025-09-29 13:36:17,036 INFO     ___FILE_ONLY___ ├─────────────────────────────────────────────────────┬────────────┬──────────┤
2025-09-29 13:36:17,036 INFO     ___FILE_ONLY___ 

2025-09-29 13:36:17,036 INFO     ___FILE_ONLY___ │                         Name                        │  Version   │   Size   │
2025-09-29 13:36:17,036 INFO     ___FILE_ONLY___ 

2025-09-29 13:36:17,036 INFO     ___FILE_ONLY___ ├─────────────────────────────────────────────────────┼────────────┼──────────┤
2025-09-29 13:36:17,036 INFO     ___FILE_ONLY___ 

2025-09-29 13:36:17,036 INFO     ___FILE_ONLY___ │ 
2025-09-29 13:36:17,036 INFO     ___FILE_ONLY___ BigQuery Command Line Tool                         
2025-09-29 13:36:17,036 INFO     ___FILE_ONLY___  
2025-09-29 13:36:17,037 INFO     ___FILE_ONLY___ │ 
2025-09-29 13:36:17,037 INFO     ___FILE_ONLY___     2.1.23
2025-09-29 13:36:17,037 INFO     ___FILE_ONLY___  
2025-09-29 13:36:17,037 INFO     ___FILE_ONLY___ │ 
2025-09-29 13:36:17,037 INFO     ___FILE_ONLY___  1.8 MiB
2025-09-29 13:36:17,037 INFO     ___FILE_ONLY___  
2025-09-29 13:36:17,037 INFO     ___FILE_ONLY___ │
2025-09-29 13:36:17,037 INFO     ___FILE_ONLY___ 

2025-09-29 13:36:17,037 INFO     ___FILE_ONLY___ │ 
2025-09-29 13:36:17,037 INFO     ___FILE_ONLY___ BigQuery Command Line Tool (Platform Specific)     
2025-09-29 13:36:17,037 INFO     ___FILE_ONLY___  
2025-09-29 13:36:17,037 INFO     ___FILE_ONLY___ │ 
2025-09-29 13:36:17,037 INFO     ___FILE_ONLY___     2.1.17
2025-09-29 13:36:17,038 INFO     ___FILE_ONLY___  
2025-09-29 13:36:17,038 INFO     ___FILE_ONLY___ │ 
2025-09-29 13:36:17,038 INFO     ___FILE_ONLY___  < 1 MiB
2025-09-29 13:36:17,038 INFO     ___FILE_ONLY___  
2025-09-29 13:36:17,038 INFO     ___FILE_ONLY___ │
2025-09-29 13:36:17,038 INFO     ___FILE_ONLY___ 

2025-09-29 13:36:17,038 INFO     ___FILE_ONLY___ │ 
2025-09-29 13:36:17,038 INFO     ___FILE_ONLY___ Bundled Python 3.12 (Platform Specific)            
2025-09-29 13:36:17,038 INFO     ___FILE_ONLY___  
2025-09-29 13:36:17,038 INFO     ___FILE_ONLY___ │ 
2025-09-29 13:36:17,038 INFO     ___FILE_ONLY___     3.12.9
2025-09-29 13:36:17,038 INFO     ___FILE_ONLY___  
2025-09-29 13:36:17,038 INFO     ___FILE_ONLY___ │ 
2025-09-29 13:36:17,038 INFO     ___FILE_ONLY___ 89.3 MiB
2025-09-29 13:36:17,038 INFO     ___FILE_ONLY___  
2025-09-29 13:36:17,039 INFO     ___FILE_ONLY___ │
2025-09-29 13:36:17,039 INFO     ___FILE_ONLY___ 

2025-09-29 13:36:17,039 INFO     ___FILE_ONLY___ │ 
2025-09-29 13:36:17,039 INFO     ___FILE_ONLY___ Cloud Storage Command Line Tool                    
2025-09-29 13:36:17,039 INFO     ___FILE_ONLY___  
2025-09-29 13:36:17,039 INFO     ___FILE_ONLY___ │ 
2025-09-29 13:36:17,039 INFO     ___FILE_ONLY___       5.35
2025-09-29 13:36:17,039 INFO     ___FILE_ONLY___  
2025-09-29 13:36:17,039 INFO     ___FILE_ONLY___ │ 
2025-09-29 13:36:17,039 INFO     ___FILE_ONLY___ 12.4 MiB
2025-09-29 13:36:17,039 INFO     ___FILE_ONLY___  
2025-09-29 13:36:17,039 INFO     ___FILE_ONLY___ │
2025-09-29 13:36:17,039 INFO     ___FILE_ONLY___ 

2025-09-29 13:36:17,039 INFO     ___FILE_ONLY___ │ 
2025-09-29 13:36:17,040 INFO     ___FILE_ONLY___ Cloud Storage Command Line Tool (Platform Specific)
2025-09-29 13:36:17,040 INFO     ___FILE_ONLY___  
2025-09-29 13:36:17,040 INFO     ___FILE_ONLY___ │ 
2025-09-29 13:36:17,040 INFO     ___FILE_ONLY___       5.34
2025-09-29 13:36:17,040 INFO     ___FILE_ONLY___  
2025-09-29 13:36:17,040 INFO     ___FILE_ONLY___ │ 
2025-09-29 13:36:17,040 INFO     ___FILE_ONLY___  < 1 MiB
2025-09-29 13:36:17,040 INFO     ___FILE_ONLY___  
2025-09-29 13:36:17,040 INFO     ___FILE_ONLY___ │
2025-09-29 13:36:17,040 INFO     ___FILE_ONLY___ 

2025-09-29 13:36:17,040 INFO     ___FILE_ONLY___ │ 
2025-09-29 13:36:17,040 INFO     ___FILE_ONLY___ Google Cloud CLI Core Libraries (Platform Specific)
2025-09-29 13:36:17,040 INFO     ___FILE_ONLY___  
2025-09-29 13:36:17,040 INFO     ___FILE_ONLY___ │ 
2025-09-29 13:36:17,040 INFO     ___FILE_ONLY___ 2025.05.23
2025-09-29 13:36:17,041 INFO     ___FILE_ONLY___  
2025-09-29 13:36:17,041 INFO     ___FILE_ONLY___ │ 
2025-09-29 13:36:17,041 INFO     ___FILE_ONLY___  < 1 MiB
2025-09-29 13:36:17,041 INFO     ___FILE_ONLY___  
2025-09-29 13:36:17,041 INFO     ___FILE_ONLY___ │
2025-09-29 13:36:17,041 INFO     ___FILE_ONLY___ 

2025-09-29 13:36:17,041 INFO     ___FILE_ONLY___ │ 
2025-09-29 13:36:17,041 INFO     ___FILE_ONLY___ Google Cloud CRC32C Hash Tool (Platform Specific)  
2025-09-29 13:36:17,041 INFO     ___FILE_ONLY___  
2025-09-29 13:36:17,041 INFO     ___FILE_ONLY___ │ 
2025-09-29 13:36:17,041 INFO     ___FILE_ONLY___      1.0.0
2025-09-29 13:36:17,041 INFO     ___FILE_ONLY___  
2025-09-29 13:36:17,041 INFO     ___FILE_ONLY___ │ 
2025-09-29 13:36:17,041 INFO     ___FILE_ONLY___  1.5 MiB
2025-09-29 13:36:17,042 INFO     ___FILE_ONLY___  
2025-09-29 13:36:17,042 INFO     ___FILE_ONLY___ │
2025-09-29 13:36:17,042 INFO     ___FILE_ONLY___ 

2025-09-29 13:36:17,042 INFO     ___FILE_ONLY___ │ 
2025-09-29 13:36:17,042 INFO     ___FILE_ONLY___ gcloud cli dependencies (Platform Specific)        
2025-09-29 13:36:17,042 INFO     ___FILE_ONLY___  
2025-09-29 13:36:17,042 INFO     ___FILE_ONLY___ │ 
2025-09-29 13:36:17,042 INFO     ___FILE_ONLY___ 2021.04.16
2025-09-29 13:36:17,042 INFO     ___FILE_ONLY___  
2025-09-29 13:36:17,042 INFO     ___FILE_ONLY___ │ 
2025-09-29 13:36:17,042 INFO     ___FILE_ONLY___  < 1 MiB
2025-09-29 13:36:17,042 INFO     ___FILE_ONLY___  
2025-09-29 13:36:17,042 INFO     ___FILE_ONLY___ │
2025-09-29 13:36:17,042 INFO     ___FILE_ONLY___ 

2025-09-29 13:36:17,043 INFO     ___FILE_ONLY___ └─────────────────────────────────────────────────────┴────────────┴──────────┘
2025-09-29 13:36:17,043 INFO     ___FILE_ONLY___ 

2025-09-29 13:36:17,043 INFO     ___FILE_ONLY___ 

2025-09-29 13:36:17,046 DEBUG    urllib3.connectionpool Starting new HTTPS connection (1): dl.google.com:443
2025-09-29 13:36:18,029 DEBUG    urllib3.connectionpool https://dl.google.com:443 "GET /dl/cloudsdk/channels/rapid/RELEASE_NOTES HTTP/11" 200 1487839
2025-09-29 13:36:18,524 INFO     ___FILE_ONLY___ For the latest full release notes, please visit:
  https://cloud.google.com/sdk/release_notes


2025-09-29 13:36:18,525 INFO     ___FILE_ONLY___ Performing in place update...


2025-09-29 13:36:18,527 INFO     ___FILE_ONLY___ ╔════════════════════════════════════════════════════════════╗

2025-09-29 13:36:18,527 INFO     ___FILE_ONLY___ ╠═ Downloading: BigQuery Command Line Tool                  ═╣

2025-09-29 13:36:18,527 INFO     ___FILE_ONLY___ ╚
2025-09-29 13:36:18,530 DEBUG    urllib3.connectionpool Starting new HTTPS connection (1): dl.google.com:443
2025-09-29 13:36:19,534 DEBUG    urllib3.connectionpool https://dl.google.com:443 "GET /dl/cloudsdk/channels/rapid/components/google-cloud-sdk-bq-20250905141229.tar.gz HTTP/11" 200 1860568
2025-09-29 13:36:19,546 INFO     ___FILE_ONLY___ ═
2025-09-29 13:36:19,546 INFO     ___FILE_ONLY___ ═
2025-09-29 13:36:19,547 INFO     ___FILE_ONLY___ ═
2025-09-29 13:36:19,547 INFO     ___FILE_ONLY___ ═
2025-09-29 13:36:19,547 INFO     ___FILE_ONLY___ ═
2025-09-29 13:36:19,547 INFO     ___FILE_ONLY___ ═
2025-09-29 13:36:19,547 INFO     ___FILE_ONLY___ ═
2025-09-29 13:36:19,547 INFO     ___FILE_ONLY___ ═
2025-09-29 13:36:19,547 INFO     ___FILE_ONLY___ ═
2025-09-29 13:36:19,547 INFO     ___FILE_ONLY___ ═
2025-09-29 13:36:19,547 INFO     ___FILE_ONLY___ ═
2025-09-29 13:36:19,547 INFO     ___FILE_ONLY___ ═
2025-09-29 13:36:19,547 INFO     ___FILE_ONLY___ ═
2025-09-29 13:36:19,548 INFO     ___FILE_ONLY___ ═
2025-09-29 13:36:19,548 INFO     ___FILE_ONLY___ ═
2025-09-29 13:36:19,548 INFO     ___FILE_ONLY___ ═
2025-09-29 13:36:19,548 INFO     ___FILE_ONLY___ ═
2025-09-29 13:36:19,548 INFO     ___FILE_ONLY___ ═
2025-09-29 13:36:19,548 INFO     ___FILE_ONLY___ ═
2025-09-29 13:36:19,548 INFO     ___FILE_ONLY___ ═
2025-09-29 13:36:19,548 INFO     ___FILE_ONLY___ ═
2025-09-29 13:36:19,548 INFO     ___FILE_ONLY___ ═
2025-09-29 13:36:19,548 INFO     ___FILE_ONLY___ ═
2025-09-29 13:36:19,548 INFO     ___FILE_ONLY___ ═
2025-09-29 13:36:19,548 INFO     ___FILE_ONLY___ ═
2025-09-29 13:36:19,549 INFO     ___FILE_ONLY___ ═
2025-09-29 13:36:19,549 INFO     ___FILE_ONLY___ ═
2025-09-29 13:36:19,549 INFO     ___FILE_ONLY___ ═
2025-09-29 13:36:19,549 INFO     ___FILE_ONLY___ ═
2025-09-29 13:36:19,549 INFO     ___FILE_ONLY___ ═
2025-09-29 13:36:19,549 INFO     ___FILE_ONLY___ ═
2025-09-29 13:36:19,549 INFO     ___FILE_ONLY___ ═
2025-09-29 13:36:19,549 INFO     ___FILE_ONLY___ ═
2025-09-29 13:36:19,549 INFO     ___FILE_ONLY___ ═
2025-09-29 13:36:19,549 INFO     ___FILE_ONLY___ ═
2025-09-29 13:36:19,549 INFO     ___FILE_ONLY___ ═
2025-09-29 13:36:19,549 INFO     ___FILE_ONLY___ ═
2025-09-29 13:36:19,549 INFO     ___FILE_ONLY___ ═
2025-09-29 13:36:19,550 INFO     ___FILE_ONLY___ ═
2025-09-29 13:36:19,550 INFO     ___FILE_ONLY___ ═
2025-09-29 13:36:19,550 INFO     ___FILE_ONLY___ ═
2025-09-29 13:36:19,550 INFO     ___FILE_ONLY___ ═
2025-09-29 13:36:19,550 INFO     ___FILE_ONLY___ ═
2025-09-29 13:36:19,550 INFO     ___FILE_ONLY___ ═
2025-09-29 13:36:19,550 INFO     ___FILE_ONLY___ ═
2025-09-29 13:36:19,550 INFO     ___FILE_ONLY___ ═
2025-09-29 13:36:19,550 INFO     ___FILE_ONLY___ ═
2025-09-29 13:36:19,550 INFO     ___FILE_ONLY___ ═
2025-09-29 13:36:19,551 INFO     ___FILE_ONLY___ ═
2025-09-29 13:36:19,551 INFO     ___FILE_ONLY___ ═
2025-09-29 13:36:19,551 INFO     ___FILE_ONLY___ ═
2025-09-29 13:36:19,551 INFO     ___FILE_ONLY___ ═
2025-09-29 13:36:19,551 INFO     ___FILE_ONLY___ ═
2025-09-29 13:36:19,551 INFO     ___FILE_ONLY___ ═
2025-09-29 13:36:19,551 INFO     ___FILE_ONLY___ ═
2025-09-29 13:36:19,551 INFO     ___FILE_ONLY___ ═
2025-09-29 13:36:19,552 INFO     ___FILE_ONLY___ ═
2025-09-29 13:36:19,552 INFO     ___FILE_ONLY___ ═
2025-09-29 13:36:19,552 INFO     ___FILE_ONLY___ ═
2025-09-29 13:36:19,552 INFO     ___FILE_ONLY___ ═
2025-09-29 13:36:19,552 INFO     ___FILE_ONLY___ ╝

2025-09-29 13:36:19,554 INFO     ___FILE_ONLY___ ╔════════════════════════════════════════════════════════════╗

2025-09-29 13:36:19,554 INFO     ___FILE_ONLY___ ╠═ Downloading: BigQuery Command Line Tool (Platform Spe... ═╣

2025-09-29 13:36:19,554 INFO     ___FILE_ONLY___ ╚
2025-09-29 13:36:19,557 DEBUG    urllib3.connectionpool Starting new HTTPS connection (1): dl.google.com:443
2025-09-29 13:36:20,466 DEBUG    urllib3.connectionpool https://dl.google.com:443 "GET /dl/cloudsdk/channels/rapid/components/google-cloud-sdk-bq-nix-20250523104322.tar.gz HTTP/11" 200 1935
2025-09-29 13:36:20,467 INFO     ___FILE_ONLY___ ════════════════════════════════════════════════════════════
2025-09-29 13:36:20,467 INFO     ___FILE_ONLY___ ╝

2025-09-29 13:36:20,469 INFO     ___FILE_ONLY___ ╔════════════════════════════════════════════════════════════╗

2025-09-29 13:36:20,469 INFO     ___FILE_ONLY___ ╠═ Downloading: Bundled Python 3.12                         ═╣

2025-09-29 13:36:20,469 INFO     ___FILE_ONLY___ ╚
2025-09-29 13:36:20,469 INFO     ___FILE_ONLY___ ════════════════════════════════════════════════════════════
2025-09-29 13:36:20,469 INFO     ___FILE_ONLY___ ╝

2025-09-29 13:36:20,471 INFO     ___FILE_ONLY___ ╔════════════════════════════════════════════════════════════╗

2025-09-29 13:36:20,471 INFO     ___FILE_ONLY___ ╠═ Downloading: Bundled Python 3.12 (Platform Specific)     ═╣

2025-09-29 13:36:20,471 INFO     ___FILE_ONLY___ ╚
2025-09-29 13:36:20,474 DEBUG    urllib3.connectionpool Starting new HTTPS connection (1): dl.google.com:443
2025-09-29 13:36:21,457 DEBUG    urllib3.connectionpool https://dl.google.com:443 "GET /dl/cloudsdk/channels/rapid/components/google-cloud-sdk-bundled-python3-unix-linux-x86_64-20250502143716.tar.gz HTTP/11" 200 93610468
2025-09-29 13:36:21,856 INFO     ___FILE_ONLY___ ═
2025-09-29 13:36:21,857 INFO     ___FILE_ONLY___ ═
2025-09-29 13:36:21,859 INFO     ___FILE_ONLY___ ═
2025-09-29 13:36:21,860 INFO     ___FILE_ONLY___ ═
2025-09-29 13:36:21,862 INFO     ___FILE_ONLY___ ═
2025-09-29 13:36:21,864 INFO     ___FILE_ONLY___ ═
2025-09-29 13:36:21,865 INFO     ___FILE_ONLY___ ═
2025-09-29 13:36:21,867 INFO     ___FILE_ONLY___ ═
2025-09-29 13:36:21,868 INFO     ___FILE_ONLY___ ═
2025-09-29 13:36:21,870 INFO     ___FILE_ONLY___ ═
2025-09-29 13:36:21,872 INFO     ___FILE_ONLY___ ═
2025-09-29 13:36:21,873 INFO     ___FILE_ONLY___ ═
2025-09-29 13:36:21,875 INFO     ___FILE_ONLY___ ═
2025-09-29 13:36:21,876 INFO     ___FILE_ONLY___ ═
2025-09-29 13:36:21,878 INFO     ___FILE_ONLY___ ═
2025-09-29 13:36:21,879 INFO     ___FILE_ONLY___ ═
2025-09-29 13:36:21,881 INFO     ___FILE_ONLY___ ═
2025-09-29 13:36:21,882 INFO     ___FILE_ONLY___ ═
2025-09-29 13:36:21,884 INFO     ___FILE_ONLY___ ═
2025-09-29 13:36:21,886 INFO     ___FILE_ONLY___ ═
2025-09-29 13:36:21,887 INFO     ___FILE_ONLY___ ═
2025-09-29 13:36:21,889 INFO     ___FILE_ONLY___ ═
2025-09-29 13:36:21,890 INFO     ___FILE_ONLY___ ═
2025-09-29 13:36:21,892 INFO     ___FILE_ONLY___ ═
2025-09-29 13:36:21,893 INFO     ___FILE_ONLY___ ═
2025-09-29 13:36:21,895 INFO     ___FILE_ONLY___ ═
2025-09-29 13:36:21,896 INFO     ___FILE_ONLY___ ═
2025-09-29 13:36:21,898 INFO     ___FILE_ONLY___ ═
2025-09-29 13:36:21,900 INFO     ___FILE_ONLY___ ═
2025-09-29 13:36:21,901 INFO     ___FILE_ONLY___ ═
2025-09-29 13:36:21,903 INFO     ___FILE_ONLY___ ═
2025-09-29 13:36:21,904 INFO     ___FILE_ONLY___ ═
2025-09-29 13:36:21,906 INFO     ___FILE_ONLY___ ═
2025-09-29 13:36:21,907 INFO     ___FILE_ONLY___ ═
2025-09-29 13:36:21,909 INFO     ___FILE_ONLY___ ═
2025-09-29 13:36:21,911 INFO     ___FILE_ONLY___ ═
2025-09-29 13:36:21,912 INFO     ___FILE_ONLY___ ═
2025-09-29 13:36:21,914 INFO     ___FILE_ONLY___ ═
2025-09-29 13:36:21,915 INFO     ___FILE_ONLY___ ═
2025-09-29 13:36:21,917 INFO     ___FILE_ONLY___ ═
2025-09-29 13:36:21,918 INFO     ___FILE_ONLY___ ═
2025-09-29 13:36:21,920 INFO     ___FILE_ONLY___ ═
2025-09-29 13:36:21,921 INFO     ___FILE_ONLY___ ═
2025-09-29 13:36:21,923 INFO     ___FILE_ONLY___ ═
2025-09-29 13:36:21,925 INFO     ___FILE_ONLY___ ═
2025-09-29 13:36:21,926 INFO     ___FILE_ONLY___ ═
2025-09-29 13:36:21,928 INFO     ___FILE_ONLY___ ═
2025-09-29 13:36:21,929 INFO     ___FILE_ONLY___ ═
2025-09-29 13:36:21,931 INFO     ___FILE_ONLY___ ═
2025-09-29 13:36:21,933 INFO     ___FILE_ONLY___ ═
2025-09-29 13:36:21,934 INFO     ___FILE_ONLY___ ═
2025-09-29 13:36:21,936 INFO     ___FILE_ONLY___ ═
2025-09-29 13:36:21,937 INFO     ___FILE_ONLY___ ═
2025-09-29 13:36:21,939 INFO     ___FILE_ONLY___ ═
2025-09-29 13:36:21,940 INFO     ___FILE_ONLY___ ═
2025-09-29 13:36:21,942 INFO     ___FILE_ONLY___ ═
2025-09-29 13:36:21,943 INFO     ___FILE_ONLY___ ═
2025-09-29 13:36:21,945 INFO     ___FILE_ONLY___ ═
2025-09-29 13:36:21,947 INFO     ___FILE_ONLY___ ═
2025-09-29 13:36:21,948 INFO     ___FILE_ONLY___ ═
2025-09-29 13:36:21,948 INFO     ___FILE_ONLY___ ╝

2025-09-29 13:36:21,951 INFO     ___FILE_ONLY___ ╔════════════════════════════════════════════════════════════╗

2025-09-29 13:36:21,951 INFO     ___FILE_ONLY___ ╠═ Downloading: Cloud Storage Command Line Tool             ═╣

2025-09-29 13:36:21,951 INFO     ___FILE_ONLY___ ╚
2025-09-29 13:36:21,954 DEBUG    urllib3.connectionpool Starting new HTTPS connection (1): dl.google.com:443
2025-09-29 13:36:22,918 DEBUG    urllib3.connectionpool https://dl.google.com:443 "GET /dl/cloudsdk/channels/rapid/components/google-cloud-sdk-gsutil-20250627154417.tar.gz HTTP/11" 200 12962791
2025-09-29 13:36:22,992 INFO     ___FILE_ONLY___ ═
2025-09-29 13:36:22,992 INFO     ___FILE_ONLY___ ═
2025-09-29 13:36:22,993 INFO     ___FILE_ONLY___ ═
2025-09-29 13:36:22,993 INFO     ___FILE_ONLY___ ═
2025-09-29 13:36:22,993 INFO     ___FILE_ONLY___ ═
2025-09-29 13:36:22,994 INFO     ___FILE_ONLY___ ═
2025-09-29 13:36:22,994 INFO     ___FILE_ONLY___ ═
2025-09-29 13:36:22,994 INFO     ___FILE_ONLY___ ═
2025-09-29 13:36:22,994 INFO     ___FILE_ONLY___ ═
2025-09-29 13:36:22,995 INFO     ___FILE_ONLY___ ═
2025-09-29 13:36:22,995 INFO     ___FILE_ONLY___ ═
2025-09-29 13:36:22,995 INFO     ___FILE_ONLY___ ═
2025-09-29 13:36:22,995 INFO     ___FILE_ONLY___ ═
2025-09-29 13:36:22,996 INFO     ___FILE_ONLY___ ═
2025-09-29 13:36:22,996 INFO     ___FILE_ONLY___ ═
2025-09-29 13:36:22,996 INFO     ___FILE_ONLY___ ═
2025-09-29 13:36:22,996 INFO     ___FILE_ONLY___ ═
2025-09-29 13:36:22,997 INFO     ___FILE_ONLY___ ═
2025-09-29 13:36:22,997 INFO     ___FILE_ONLY___ ═
2025-09-29 13:36:22,997 INFO     ___FILE_ONLY___ ═
2025-09-29 13:36:22,997 INFO     ___FILE_ONLY___ ═
2025-09-29 13:36:22,998 INFO     ___FILE_ONLY___ ═
2025-09-29 13:36:22,998 INFO     ___FILE_ONLY___ ═
2025-09-29 13:36:22,998 INFO     ___FILE_ONLY___ ═
2025-09-29 13:36:22,999 INFO     ___FILE_ONLY___ ═
2025-09-29 13:36:22,999 INFO     ___FILE_ONLY___ ═
2025-09-29 13:36:22,999 INFO     ___FILE_ONLY___ ═
2025-09-29 13:36:22,999 INFO     ___FILE_ONLY___ ═
2025-09-29 13:36:23,000 INFO     ___FILE_ONLY___ ═
2025-09-29 13:36:23,000 INFO     ___FILE_ONLY___ ═
2025-09-29 13:36:23,000 INFO     ___FILE_ONLY___ ═
2025-09-29 13:36:23,000 INFO     ___FILE_ONLY___ ═
2025-09-29 13:36:23,001 INFO     ___FILE_ONLY___ ═
2025-09-29 13:36:23,001 INFO     ___FILE_ONLY___ ═
2025-09-29 13:36:23,001 INFO     ___FILE_ONLY___ ═
2025-09-29 13:36:23,001 INFO     ___FILE_ONLY___ ═
2025-09-29 13:36:23,002 INFO     ___FILE_ONLY___ ═
2025-09-29 13:36:23,002 INFO     ___FILE_ONLY___ ═
2025-09-29 13:36:23,002 INFO     ___FILE_ONLY___ ═
2025-09-29 13:36:23,003 INFO     ___FILE_ONLY___ ═
2025-09-29 13:36:23,003 INFO     ___FILE_ONLY___ ═
2025-09-29 13:36:23,003 INFO     ___FILE_ONLY___ ═
2025-09-29 13:36:23,003 INFO     ___FILE_ONLY___ ═
2025-09-29 13:36:23,004 INFO     ___FILE_ONLY___ ═
2025-09-29 13:36:23,004 INFO     ___FILE_ONLY___ ═
2025-09-29 13:36:23,004 INFO     ___FILE_ONLY___ ═
2025-09-29 13:36:23,004 INFO     ___FILE_ONLY___ ═
2025-09-29 13:36:23,005 INFO     ___FILE_ONLY___ ═
2025-09-29 13:36:23,005 INFO     ___FILE_ONLY___ ═
2025-09-29 13:36:23,005 INFO     ___FILE_ONLY___ ═
2025-09-29 13:36:23,006 INFO     ___FILE_ONLY___ ═
2025-09-29 13:36:23,006 INFO     ___FILE_ONLY___ ═
2025-09-29 13:36:23,006 INFO     ___FILE_ONLY___ ═
2025-09-29 13:36:23,006 INFO     ___FILE_ONLY___ ═
2025-09-29 13:36:23,007 INFO     ___FILE_ONLY___ ═
2025-09-29 13:36:23,007 INFO     ___FILE_ONLY___ ═
2025-09-29 13:36:23,007 INFO     ___FILE_ONLY___ ═
2025-09-29 13:36:23,007 INFO     ___FILE_ONLY___ ═
2025-09-29 13:36:23,008 INFO     ___FILE_ONLY___ ═
2025-09-29 13:36:23,008 INFO     ___FILE_ONLY___ ═
2025-09-29 13:36:23,008 INFO     ___FILE_ONLY___ ╝

2025-09-29 13:36:23,010 INFO     ___FILE_ONLY___ ╔════════════════════════════════════════════════════════════╗

2025-09-29 13:36:23,010 INFO     ___FILE_ONLY___ ╠═ Downloading: Cloud Storage Command Line Tool (Platfor... ═╣

2025-09-29 13:36:23,010 INFO     ___FILE_ONLY___ ╚
2025-09-29 13:36:23,013 DEBUG    urllib3.connectionpool Starting new HTTPS connection (1): dl.google.com:443
2025-09-29 13:36:23,935 DEBUG    urllib3.connectionpool https://dl.google.com:443 "GET /dl/cloudsdk/channels/rapid/components/google-cloud-sdk-gsutil-nix-20250523104322.tar.gz HTTP/11" 200 1950
2025-09-29 13:36:23,936 INFO     ___FILE_ONLY___ ════════════════════════════════════════════════════════════
2025-09-29 13:36:23,936 INFO     ___FILE_ONLY___ ╝

2025-09-29 13:36:23,938 INFO     ___FILE_ONLY___ ╔════════════════════════════════════════════════════════════╗

2025-09-29 13:36:23,938 INFO     ___FILE_ONLY___ ╠═ Downloading: Default set of gcloud commands              ═╣

2025-09-29 13:36:23,938 INFO     ___FILE_ONLY___ ╚
2025-09-29 13:36:23,938 INFO     ___FILE_ONLY___ ════════════════════════════════════════════════════════════
2025-09-29 13:36:23,938 INFO     ___FILE_ONLY___ ╝

2025-09-29 13:36:23,940 INFO     ___FILE_ONLY___ ╔════════════════════════════════════════════════════════════╗

2025-09-29 13:36:23,940 INFO     ___FILE_ONLY___ ╠═ Downloading: Google Cloud CLI Core Libraries (Platfor... ═╣

2025-09-29 13:36:23,940 INFO     ___FILE_ONLY___ ╚
2025-09-29 13:36:23,943 DEBUG    urllib3.connectionpool Starting new HTTPS connection (1): dl.google.com:443
2025-09-29 13:36:25,031 DEBUG    urllib3.connectionpool https://dl.google.com:443 "GET /dl/cloudsdk/channels/rapid/components/google-cloud-sdk-core-nix-20250523104322.tar.gz HTTP/11" 200 2325
2025-09-29 13:36:25,031 INFO     ___FILE_ONLY___ ════════════════════════════════════════════════════════════
2025-09-29 13:36:25,031 INFO     ___FILE_ONLY___ ╝

2025-09-29 13:36:25,033 INFO     ___FILE_ONLY___ ╔════════════════════════════════════════════════════════════╗

2025-09-29 13:36:25,033 INFO     ___FILE_ONLY___ ╠═ Downloading: Google Cloud CRC32C Hash Tool               ═╣

2025-09-29 13:36:25,034 INFO     ___FILE_ONLY___ ╚
2025-09-29 13:36:25,034 INFO     ___FILE_ONLY___ ════════════════════════════════════════════════════════════
2025-09-29 13:36:25,034 INFO     ___FILE_ONLY___ ╝

2025-09-29 13:36:25,035 INFO     ___FILE_ONLY___ ╔════════════════════════════════════════════════════════════╗

2025-09-29 13:36:25,035 INFO     ___FILE_ONLY___ ╠═ Downloading: Google Cloud CRC32C Hash Tool (Platform ... ═╣

2025-09-29 13:36:25,036 INFO     ___FILE_ONLY___ ╚
2025-09-29 13:36:25,038 DEBUG    urllib3.connectionpool Starting new HTTPS connection (1): dl.google.com:443
2025-09-29 13:36:26,038 DEBUG    urllib3.connectionpool https://dl.google.com:443 "GET /dl/cloudsdk/channels/rapid/components/google-cloud-sdk-gcloud-crc32c-linux-x86_64-20250613150750.tar.gz HTTP/11" 200 1525557
2025-09-29 13:36:26,048 INFO     ___FILE_ONLY___ ═
2025-09-29 13:36:26,048 INFO     ___FILE_ONLY___ ═
2025-09-29 13:36:26,048 INFO     ___FILE_ONLY___ ═
2025-09-29 13:36:26,049 INFO     ___FILE_ONLY___ ═
2025-09-29 13:36:26,049 INFO     ___FILE_ONLY___ ═
2025-09-29 13:36:26,049 INFO     ___FILE_ONLY___ ═
2025-09-29 13:36:26,049 INFO     ___FILE_ONLY___ ═
2025-09-29 13:36:26,049 INFO     ___FILE_ONLY___ ═
2025-09-29 13:36:26,049 INFO     ___FILE_ONLY___ ═
2025-09-29 13:36:26,049 INFO     ___FILE_ONLY___ ═
2025-09-29 13:36:26,049 INFO     ___FILE_ONLY___ ═
2025-09-29 13:36:26,049 INFO     ___FILE_ONLY___ ═
2025-09-29 13:36:26,049 INFO     ___FILE_ONLY___ ═
2025-09-29 13:36:26,049 INFO     ___FILE_ONLY___ ═
2025-09-29 13:36:26,049 INFO     ___FILE_ONLY___ ═
2025-09-29 13:36:26,049 INFO     ___FILE_ONLY___ ═
2025-09-29 13:36:26,050 INFO     ___FILE_ONLY___ ═
2025-09-29 13:36:26,050 INFO     ___FILE_ONLY___ ═
2025-09-29 13:36:26,050 INFO     ___FILE_ONLY___ ═
2025-09-29 13:36:26,050 INFO     ___FILE_ONLY___ ═
2025-09-29 13:36:26,050 INFO     ___FILE_ONLY___ ═
2025-09-29 13:36:26,050 INFO     ___FILE_ONLY___ ═
2025-09-29 13:36:26,050 INFO     ___FILE_ONLY___ ═
2025-09-29 13:36:26,050 INFO     ___FILE_ONLY___ ═
2025-09-29 13:36:26,050 INFO     ___FILE_ONLY___ ═
2025-09-29 13:36:26,050 INFO     ___FILE_ONLY___ ═
2025-09-29 13:36:26,050 INFO     ___FILE_ONLY___ ═
2025-09-29 13:36:26,050 INFO     ___FILE_ONLY___ ═
2025-09-29 13:36:26,050 INFO     ___FILE_ONLY___ ═
2025-09-29 13:36:26,051 INFO     ___FILE_ONLY___ ═
2025-09-29 13:36:26,051 INFO     ___FILE_ONLY___ ═
2025-09-29 13:36:26,051 INFO     ___FILE_ONLY___ ═
2025-09-29 13:36:26,051 INFO     ___FILE_ONLY___ ═
2025-09-29 13:36:26,051 INFO     ___FILE_ONLY___ ═
2025-09-29 13:36:26,051 INFO     ___FILE_ONLY___ ═
2025-09-29 13:36:26,051 INFO     ___FILE_ONLY___ ═
2025-09-29 13:36:26,051 INFO     ___FILE_ONLY___ ═
2025-09-29 13:36:26,051 INFO     ___FILE_ONLY___ ═
2025-09-29 13:36:26,051 INFO     ___FILE_ONLY___ ═
2025-09-29 13:36:26,051 INFO     ___FILE_ONLY___ ═
2025-09-29 13:36:26,051 INFO     ___FILE_ONLY___ ═
2025-09-29 13:36:26,051 INFO     ___FILE_ONLY___ ═
2025-09-29 13:36:26,051 INFO     ___FILE_ONLY___ ═
2025-09-29 13:36:26,052 INFO     ___FILE_ONLY___ ═
2025-09-29 13:36:26,052 INFO     ___FILE_ONLY___ ═
2025-09-29 13:36:26,052 INFO     ___FILE_ONLY___ ═
2025-09-29 13:36:26,052 INFO     ___FILE_ONLY___ ═
2025-09-29 13:36:26,052 INFO     ___FILE_ONLY___ ═
2025-09-29 13:36:26,052 INFO     ___FILE_ONLY___ ═
2025-09-29 13:36:26,052 INFO     ___FILE_ONLY___ ═
2025-09-29 13:36:26,052 INFO     ___FILE_ONLY___ ═
2025-09-29 13:36:26,052 INFO     ___FILE_ONLY___ ═
2025-09-29 13:36:26,052 INFO     ___FILE_ONLY___ ═
2025-09-29 13:36:26,052 INFO     ___FILE_ONLY___ ═
2025-09-29 13:36:26,052 INFO     ___FILE_ONLY___ ═
2025-09-29 13:36:26,053 INFO     ___FILE_ONLY___ ═
2025-09-29 13:36:26,053 INFO     ___FILE_ONLY___ ═
2025-09-29 13:36:26,053 INFO     ___FILE_ONLY___ ═
2025-09-29 13:36:26,053 INFO     ___FILE_ONLY___ ═
2025-09-29 13:36:26,053 INFO     ___FILE_ONLY___ ═
2025-09-29 13:36:26,053 INFO     ___FILE_ONLY___ ╝

2025-09-29 13:36:26,055 INFO     ___FILE_ONLY___ ╔════════════════════════════════════════════════════════════╗

2025-09-29 13:36:26,055 INFO     ___FILE_ONLY___ ╠═ Downloading: gcloud cli dependencies (Platform Specific) ═╣

2025-09-29 13:36:26,055 INFO     ___FILE_ONLY___ ╚
2025-09-29 13:36:26,058 DEBUG    urllib3.connectionpool Starting new HTTPS connection (1): dl.google.com:443
2025-09-29 13:36:27,079 DEBUG    urllib3.connectionpool https://dl.google.com:443 "GET /dl/cloudsdk/channels/rapid/components/google-cloud-sdk-gcloud-deps-linux-x86_64-20210416153011.tar.gz HTTP/11" 200 104
2025-09-29 13:36:27,080 INFO     ___FILE_ONLY___ ════════════════════════════════════════════════════════════
2025-09-29 13:36:27,080 INFO     ___FILE_ONLY___ ╝

2025-09-29 13:36:27,082 INFO     ___FILE_ONLY___ ╔════════════════════════════════════════════════════════════╗

2025-09-29 13:36:27,082 INFO     ___FILE_ONLY___ ╠═ Installing: BigQuery Command Line Tool                   ═╣

2025-09-29 13:36:27,082 INFO     ___FILE_ONLY___ ╚
2025-09-29 13:36:27,173 INFO     ___FILE_ONLY___ ═
2025-09-29 13:36:27,175 INFO     ___FILE_ONLY___ ═
2025-09-29 13:36:27,178 INFO     ___FILE_ONLY___ ═
2025-09-29 13:36:27,180 INFO     ___FILE_ONLY___ ═
2025-09-29 13:36:27,182 INFO     ___FILE_ONLY___ ═
2025-09-29 13:36:27,184 INFO     ___FILE_ONLY___ ═
2025-09-29 13:36:27,187 INFO     ___FILE_ONLY___ ═
2025-09-29 13:36:27,188 INFO     ___FILE_ONLY___ ═
2025-09-29 13:36:27,190 INFO     ___FILE_ONLY___ ═
2025-09-29 13:36:27,193 INFO     ___FILE_ONLY___ ═
2025-09-29 13:36:27,195 INFO     ___FILE_ONLY___ ═
2025-09-29 13:36:27,197 INFO     ___FILE_ONLY___ ═
2025-09-29 13:36:27,199 INFO     ___FILE_ONLY___ ═
2025-09-29 13:36:27,201 INFO     ___FILE_ONLY___ ═
2025-09-29 13:36:27,203 INFO     ___FILE_ONLY___ ═
2025-09-29 13:36:27,205 INFO     ___FILE_ONLY___ ═
2025-09-29 13:36:27,207 INFO     ___FILE_ONLY___ ═
2025-09-29 13:36:27,209 INFO     ___FILE_ONLY___ ═
2025-09-29 13:36:27,211 INFO     ___FILE_ONLY___ ═
2025-09-29 13:36:27,214 INFO     ___FILE_ONLY___ ═
2025-09-29 13:36:27,216 INFO     ___FILE_ONLY___ ═
2025-09-29 13:36:27,218 INFO     ___FILE_ONLY___ ═
2025-09-29 13:36:27,221 INFO     ___FILE_ONLY___ ═
2025-09-29 13:36:27,222 INFO     ___FILE_ONLY___ ═
2025-09-29 13:36:27,224 INFO     ___FILE_ONLY___ ═
2025-09-29 13:36:27,226 INFO     ___FILE_ONLY___ ═
2025-09-29 13:36:27,228 INFO     ___FILE_ONLY___ ═
2025-09-29 13:36:27,230 INFO     ___FILE_ONLY___ ═
2025-09-29 13:36:27,232 INFO     ___FILE_ONLY___ ═
2025-09-29 13:36:27,236 INFO     ___FILE_ONLY___ ═
2025-09-29 13:36:27,237 INFO     ___FILE_ONLY___ ═
2025-09-29 13:36:27,239 INFO     ___FILE_ONLY___ ═
2025-09-29 13:36:27,241 INFO     ___FILE_ONLY___ ═
2025-09-29 13:36:27,244 INFO     ___FILE_ONLY___ ═
2025-09-29 13:36:27,246 INFO     ___FILE_ONLY___ ═
2025-09-29 13:36:27,253 INFO     ___FILE_ONLY___ ═
2025-09-29 13:36:27,258 INFO     ___FILE_ONLY___ ═
2025-09-29 13:36:27,263 INFO     ___FILE_ONLY___ ═
2025-09-29 13:36:27,265 INFO     ___FILE_ONLY___ ═
2025-09-29 13:36:27,267 INFO     ___FILE_ONLY___ ═
2025-09-29 13:36:27,269 INFO     ___FILE_ONLY___ ═
2025-09-29 13:36:27,271 INFO     ___FILE_ONLY___ ═
2025-09-29 13:36:27,275 INFO     ___FILE_ONLY___ ═
2025-09-29 13:36:27,278 INFO     ___FILE_ONLY___ ═
2025-09-29 13:36:27,280 INFO     ___FILE_ONLY___ ═
2025-09-29 13:36:27,282 INFO     ___FILE_ONLY___ ═
2025-09-29 13:36:27,284 INFO     ___FILE_ONLY___ ═
2025-09-29 13:36:27,286 INFO     ___FILE_ONLY___ ═
2025-09-29 13:36:27,288 INFO     ___FILE_ONLY___ ═
2025-09-29 13:36:27,290 INFO     ___FILE_ONLY___ ═
2025-09-29 13:36:27,292 INFO     ___FILE_ONLY___ ═
2025-09-29 13:36:27,294 INFO     ___FILE_ONLY___ ═
2025-09-29 13:36:27,296 INFO     ___FILE_ONLY___ ═
2025-09-29 13:36:27,299 INFO     ___FILE_ONLY___ ═
2025-09-29 13:36:27,300 INFO     ___FILE_ONLY___ ═
2025-09-29 13:36:27,302 INFO     ___FILE_ONLY___ ═
2025-09-29 13:36:27,305 INFO     ___FILE_ONLY___ ═
2025-09-29 13:36:27,306 INFO     ___FILE_ONLY___ ═
2025-09-29 13:36:27,308 INFO     ___FILE_ONLY___ ═
2025-09-29 13:36:27,310 INFO     ___FILE_ONLY___ ═
2025-09-29 13:36:27,310 INFO     ___FILE_ONLY___ ╝

2025-09-29 13:36:27,318 INFO     ___FILE_ONLY___ ╔════════════════════════════════════════════════════════════╗

2025-09-29 13:36:27,318 INFO     ___FILE_ONLY___ ╠═ Installing: BigQuery Command Line Tool (Platform Spec... ═╣

2025-09-29 13:36:27,318 INFO     ___FILE_ONLY___ ╚
2025-09-29 13:36:27,319 INFO     ___FILE_ONLY___ ════════════════════════════════════════════════════════════
2025-09-29 13:36:27,319 INFO     ___FILE_ONLY___ ╝

2025-09-29 13:36:27,323 INFO     ___FILE_ONLY___ ╔════════════════════════════════════════════════════════════╗

2025-09-29 13:36:27,323 INFO     ___FILE_ONLY___ ╠═ Installing: Bundled Python 3.12                          ═╣

2025-09-29 13:36:27,323 INFO     ___FILE_ONLY___ ╚
2025-09-29 13:36:27,325 INFO     ___FILE_ONLY___ ════════════════════════════════════════════════════════════
2025-09-29 13:36:27,325 INFO     ___FILE_ONLY___ ╝

2025-09-29 13:36:27,327 INFO     ___FILE_ONLY___ ╔════════════════════════════════════════════════════════════╗

2025-09-29 13:36:27,327 INFO     ___FILE_ONLY___ ╠═ Installing: Bundled Python 3.12 (Platform Specific)      ═╣

2025-09-29 13:36:27,327 INFO     ___FILE_ONLY___ ╚
2025-09-29 13:36:29,454 INFO     ___FILE_ONLY___ ═
2025-09-29 13:36:29,465 INFO     ___FILE_ONLY___ ═
2025-09-29 13:36:29,476 INFO     ___FILE_ONLY___ ═
2025-09-29 13:36:29,488 INFO     ___FILE_ONLY___ ═
2025-09-29 13:36:29,500 INFO     ___FILE_ONLY___ ═
2025-09-29 13:36:29,513 INFO     ___FILE_ONLY___ ═
2025-09-29 13:36:29,525 INFO     ___FILE_ONLY___ ═
2025-09-29 13:36:29,537 INFO     ___FILE_ONLY___ ═
2025-09-29 13:36:29,550 INFO     ___FILE_ONLY___ ═
2025-09-29 13:36:29,561 INFO     ___FILE_ONLY___ ═
2025-09-29 13:36:29,573 INFO     ___FILE_ONLY___ ═
2025-09-29 13:36:29,585 INFO     ___FILE_ONLY___ ═
2025-09-29 13:36:29,596 INFO     ___FILE_ONLY___ ═
2025-09-29 13:36:29,609 INFO     ___FILE_ONLY___ ═
2025-09-29 13:36:29,621 INFO     ___FILE_ONLY___ ═
2025-09-29 13:36:29,633 INFO     ___FILE_ONLY___ ═
2025-09-29 13:36:29,645 INFO     ___FILE_ONLY___ ═
2025-09-29 13:36:29,656 INFO     ___FILE_ONLY___ ═
2025-09-29 13:36:29,668 INFO     ___FILE_ONLY___ ═
2025-09-29 13:36:29,680 INFO     ___FILE_ONLY___ ═
2025-09-29 13:36:29,691 INFO     ___FILE_ONLY___ ═
2025-09-29 13:36:29,704 INFO     ___FILE_ONLY___ ═
2025-09-29 13:36:29,716 INFO     ___FILE_ONLY___ ═
2025-09-29 13:36:29,728 INFO     ___FILE_ONLY___ ═
2025-09-29 13:36:29,740 INFO     ___FILE_ONLY___ ═
2025-09-29 13:36:29,752 INFO     ___FILE_ONLY___ ═
2025-09-29 13:36:29,763 INFO     ___FILE_ONLY___ ═
2025-09-29 13:36:29,775 INFO     ___FILE_ONLY___ ═
2025-09-29 13:36:29,787 INFO     ___FILE_ONLY___ ═
2025-09-29 13:36:29,799 INFO     ___FILE_ONLY___ ═
2025-09-29 13:36:29,811 INFO     ___FILE_ONLY___ ═
2025-09-29 13:36:29,823 INFO     ___FILE_ONLY___ ═
2025-09-29 13:36:29,835 INFO     ___FILE_ONLY___ ═
2025-09-29 13:36:29,848 INFO     ___FILE_ONLY___ ═
2025-09-29 13:36:29,864 INFO     ___FILE_ONLY___ ═
2025-09-29 13:36:29,878 INFO     ___FILE_ONLY___ ═
2025-09-29 13:36:30,708 INFO     ___FILE_ONLY___ ═
2025-09-29 13:36:30,732 INFO     ___FILE_ONLY___ ═
2025-09-29 13:36:31,199 INFO     ___FILE_ONLY___ ═
2025-09-29 13:36:31,216 INFO     ___FILE_ONLY___ ═
2025-09-29 13:36:31,237 INFO     ___FILE_ONLY___ ═
2025-09-29 13:36:31,261 INFO     ___FILE_ONLY___ ═
2025-09-29 13:36:31,279 INFO     ___FILE_ONLY___ ═
2025-09-29 13:36:31,305 INFO     ___FILE_ONLY___ ═
2025-09-29 13:36:31,325 INFO     ___FILE_ONLY___ ═
2025-09-29 13:36:31,342 INFO     ___FILE_ONLY___ ═
2025-09-29 13:36:31,358 INFO     ___FILE_ONLY___ ═
2025-09-29 13:36:31,374 INFO     ___FILE_ONLY___ ═
2025-09-29 13:36:31,459 INFO     ___FILE_ONLY___ ═
2025-09-29 13:36:31,476 INFO     ___FILE_ONLY___ ═
2025-09-29 13:36:31,609 INFO     ___FILE_ONLY___ ═
2025-09-29 13:36:31,626 INFO     ___FILE_ONLY___ ═
2025-09-29 13:36:31,643 INFO     ___FILE_ONLY___ ═
2025-09-29 13:36:31,659 INFO     ___FILE_ONLY___ ═
2025-09-29 13:36:31,674 INFO     ___FILE_ONLY___ ═
2025-09-29 13:36:31,691 INFO     ___FILE_ONLY___ ═
2025-09-29 13:36:31,707 INFO     ___FILE_ONLY___ ═
2025-09-29 13:36:31,724 INFO     ___FILE_ONLY___ ═
2025-09-29 13:36:31,751 INFO     ___FILE_ONLY___ ═
2025-09-29 13:36:32,209 INFO     ___FILE_ONLY___ ═
2025-09-29 13:36:32,209 INFO     ___FILE_ONLY___ ╝

2025-09-29 13:36:32,259 INFO     ___FILE_ONLY___ ╔════════════════════════════════════════════════════════════╗

2025-09-29 13:36:32,259 INFO     ___FILE_ONLY___ ╠═ Installing: Cloud Storage Command Line Tool              ═╣

2025-09-29 13:36:32,259 INFO     ___FILE_ONLY___ ╚
2025-09-29 13:36:32,791 INFO     ___FILE_ONLY___ ═
2025-09-29 13:36:32,803 INFO     ___FILE_ONLY___ ═
2025-09-29 13:36:32,814 INFO     ___FILE_ONLY___ ═
2025-09-29 13:36:32,823 INFO     ___FILE_ONLY___ ═
2025-09-29 13:36:32,833 INFO     ___FILE_ONLY___ ═
2025-09-29 13:36:32,865 INFO     ___FILE_ONLY___ ═
2025-09-29 13:36:32,878 INFO     ___FILE_ONLY___ ═
2025-09-29 13:36:32,893 INFO     ___FILE_ONLY___ ═
2025-09-29 13:36:32,907 INFO     ___FILE_ONLY___ ═
2025-09-29 13:36:32,922 INFO     ___FILE_ONLY___ ═
2025-09-29 13:36:32,939 INFO     ___FILE_ONLY___ ═
2025-09-29 13:36:32,949 INFO     ___FILE_ONLY___ ═
2025-09-29 13:36:32,961 INFO     ___FILE_ONLY___ ═
2025-09-29 13:36:32,969 INFO     ___FILE_ONLY___ ═
2025-09-29 13:36:32,982 INFO     ___FILE_ONLY___ ═
2025-09-29 13:36:32,998 INFO     ___FILE_ONLY___ ═
2025-09-29 13:36:33,012 INFO     ___FILE_ONLY___ ═
2025-09-29 13:36:33,021 INFO     ___FILE_ONLY___ ═
2025-09-29 13:36:33,033 INFO     ___FILE_ONLY___ ═
2025-09-29 13:36:33,043 INFO     ___FILE_ONLY___ ═
2025-09-29 13:36:33,053 INFO     ___FILE_ONLY___ ═
2025-09-29 13:36:33,066 INFO     ___FILE_ONLY___ ═
2025-09-29 13:36:33,077 INFO     ___FILE_ONLY___ ═
2025-09-29 13:36:33,087 INFO     ___FILE_ONLY___ ═
2025-09-29 13:36:33,097 INFO     ___FILE_ONLY___ ═
2025-09-29 13:36:33,107 INFO     ___FILE_ONLY___ ═
2025-09-29 13:36:33,118 INFO     ___FILE_ONLY___ ═
2025-09-29 13:36:33,131 INFO     ___FILE_ONLY___ ═
2025-09-29 13:36:33,147 INFO     ___FILE_ONLY___ ═
2025-09-29 13:36:33,159 INFO     ___FILE_ONLY___ ═
2025-09-29 13:36:33,171 INFO     ___FILE_ONLY___ ═
2025-09-29 13:36:33,192 INFO     ___FILE_ONLY___ ═
2025-09-29 13:36:33,207 INFO     ___FILE_ONLY___ ═
2025-09-29 13:36:33,225 INFO     ___FILE_ONLY___ ═
2025-09-29 13:36:33,239 INFO     ___FILE_ONLY___ ═
2025-09-29 13:36:33,255 INFO     ___FILE_ONLY___ ═
2025-09-29 13:36:33,264 INFO     ___FILE_ONLY___ ═
2025-09-29 13:36:33,275 INFO     ___FILE_ONLY___ ═
2025-09-29 13:36:33,309 INFO     ___FILE_ONLY___ ═
2025-09-29 13:36:33,323 INFO     ___FILE_ONLY___ ═
2025-09-29 13:36:33,333 INFO     ___FILE_ONLY___ ═
2025-09-29 13:36:33,343 INFO     ___FILE_ONLY___ ═
2025-09-29 13:36:33,354 INFO     ___FILE_ONLY___ ═
2025-09-29 13:36:33,365 INFO     ___FILE_ONLY___ ═
2025-09-29 13:36:33,375 INFO     ___FILE_ONLY___ ═
2025-09-29 13:36:33,385 INFO     ___FILE_ONLY___ ═
2025-09-29 13:36:33,395 INFO     ___FILE_ONLY___ ═
2025-09-29 13:36:33,404 INFO     ___FILE_ONLY___ ═
2025-09-29 13:36:33,414 INFO     ___FILE_ONLY___ ═
2025-09-29 13:36:33,426 INFO     ___FILE_ONLY___ ═
2025-09-29 13:36:33,441 INFO     ___FILE_ONLY___ ═
2025-09-29 13:36:33,453 INFO     ___FILE_ONLY___ ═
2025-09-29 13:36:33,466 INFO     ___FILE_ONLY___ ═
2025-09-29 13:36:33,480 INFO     ___FILE_ONLY___ ═
2025-09-29 13:36:33,491 INFO     ___FILE_ONLY___ ═
2025-09-29 13:36:33,506 INFO     ___FILE_ONLY___ ═
2025-09-29 13:36:33,522 INFO     ___FILE_ONLY___ ═
2025-09-29 13:36:33,542 INFO     ___FILE_ONLY___ ═
2025-09-29 13:36:33,558 INFO     ___FILE_ONLY___ ═
2025-09-29 13:36:33,576 INFO     ___FILE_ONLY___ ═
2025-09-29 13:36:33,576 INFO     ___FILE_ONLY___ ╝

2025-09-29 13:36:33,605 INFO     ___FILE_ONLY___ ╔════════════════════════════════════════════════════════════╗

2025-09-29 13:36:33,606 INFO     ___FILE_ONLY___ ╠═ Installing: Cloud Storage Command Line Tool (Platform... ═╣

2025-09-29 13:36:33,606 INFO     ___FILE_ONLY___ ╚
2025-09-29 13:36:33,606 INFO     ___FILE_ONLY___ ════════════════════════════════════════════════════════════
2025-09-29 13:36:33,606 INFO     ___FILE_ONLY___ ╝

2025-09-29 13:36:33,611 INFO     ___FILE_ONLY___ ╔════════════════════════════════════════════════════════════╗

2025-09-29 13:36:33,611 INFO     ___FILE_ONLY___ ╠═ Installing: Default set of gcloud commands               ═╣

2025-09-29 13:36:33,611 INFO     ___FILE_ONLY___ ╚
2025-09-29 13:36:33,613 INFO     ___FILE_ONLY___ ════════════════════════════════════════════════════════════
2025-09-29 13:36:33,613 INFO     ___FILE_ONLY___ ╝

2025-09-29 13:36:33,615 INFO     ___FILE_ONLY___ ╔════════════════════════════════════════════════════════════╗

2025-09-29 13:36:33,615 INFO     ___FILE_ONLY___ ╠═ Installing: Google Cloud CLI Core Libraries (Platform... ═╣

2025-09-29 13:36:33,615 INFO     ___FILE_ONLY___ ╚
2025-09-29 13:36:33,616 INFO     ___FILE_ONLY___ ══════════════════════════════
2025-09-29 13:36:33,616 INFO     ___FILE_ONLY___ ══════════════════════════════
2025-09-29 13:36:33,616 INFO     ___FILE_ONLY___ ╝

2025-09-29 13:36:33,620 INFO     ___FILE_ONLY___ ╔════════════════════════════════════════════════════════════╗

2025-09-29 13:36:33,620 INFO     ___FILE_ONLY___ ╠═ Installing: Google Cloud CRC32C Hash Tool                ═╣

2025-09-29 13:36:33,620 INFO     ___FILE_ONLY___ ╚
2025-09-29 13:36:33,623 INFO     ___FILE_ONLY___ ════════════════════════════════════════════════════════════
2025-09-29 13:36:33,623 INFO     ___FILE_ONLY___ ╝

2025-09-29 13:36:33,624 INFO     ___FILE_ONLY___ ╔════════════════════════════════════════════════════════════╗

2025-09-29 13:36:33,624 INFO     ___FILE_ONLY___ ╠═ Installing: Google Cloud CRC32C Hash Tool (Platform S... ═╣

2025-09-29 13:36:33,624 INFO     ___FILE_ONLY___ ╚
2025-09-29 13:36:33,661 INFO     ___FILE_ONLY___ ══════════════════════════════
2025-09-29 13:36:33,661 INFO     ___FILE_ONLY___ ══════════════════════════════
2025-09-29 13:36:33,661 INFO     ___FILE_ONLY___ ╝

2025-09-29 13:36:33,666 INFO     ___FILE_ONLY___ ╔════════════════════════════════════════════════════════════╗

2025-09-29 13:36:33,666 INFO     ___FILE_ONLY___ ╠═ Installing: gcloud cli dependencies (Platform Specific)  ═╣

2025-09-29 13:36:33,666 INFO     ___FILE_ONLY___ ╚
2025-09-29 13:36:33,666 INFO     ___FILE_ONLY___ ════════════════════════════════════════════════════════════
2025-09-29 13:36:33,667 INFO     ___FILE_ONLY___ ╝

2025-09-29 13:36:33,671 DEBUG    root            Updating notification cache...
2025-09-29 13:36:33,672 INFO     ___FILE_ONLY___ 

2025-09-29 13:36:33,673 INFO     ___FILE_ONLY___ Performing post processing steps...
2025-09-29 13:36:33,674 DEBUG    root            Executing command: ['/tools/google-cloud-sdk/bin/gcloud', 'components', 'post-process']
2025-09-29 13:36:41,977 DEBUG    ___FILE_ONLY___ 
2025-09-29 13:36:41,977 DEBUG    ___FILE_ONLY___ 
2025-09-29 13:36:42,202 INFO     root            descriptor_list: [{'universeDomain': 'googleapis.com', 'universeShortName': '', 'authenticationDomain': 'auth.cloud.google.com', 'projectPrefix': '', 'cloudWebDomain': 'cloud.google.com', 'documentationDomain': 'cloud.google.com', 'version': '1.0.0', 'state': 'primary', 'artifactRegistryDomain': 'pkg.dev'}]
2025-09-29 13:36:42,202 INFO     ___FILE_ONLY___ 
Update done!


2025-09-29 13:36:42,205 DEBUG    root            Chosen display Format:none
2025-09-29 13:36:42,205 INFO     root            Display format: "none"
