2025-09-29 13:36:42,841 DEBUG    root            Loaded Command Group: ['gcloud', 'components']
2025-09-29 13:36:42,872 DEBUG    root            Loaded Command Group: ['gcloud', 'components', 'update']
2025-09-29 13:36:42,874 DEBUG    root            Running [gcloud.components.update] with arguments: [--quiet: "True", COMPONENT-IDS:8: "['gcloud', 'core', 'bq', 'gsutil', 'compute', 'preview', 'alpha', 'beta']"]
2025-09-29 13:36:42,875 INFO     ___FILE_ONLY___ Beginning update. This process may take several minutes.

2025-09-29 13:36:42,883 DEBUG    urllib3.connectionpool Starting new HTTPS connection (1): dl.google.com:443
2025-09-29 13:36:43,091 DEBUG    urllib3.connectionpool https://dl.google.com:443 "GET /dl/cloudsdk/channels/rapid/components-2.json HTTP/11" 200 233149
2025-09-29 13:36:43,102 WARNING  root            Component [compute] no longer exists.
2025-09-29 13:36:43,103 INFO     ___FILE_ONLY___ 

2025-09-29 13:36:43,104 INFO     ___FILE_ONLY___ 
Your current Google Cloud CLI version is: 540.0.0

2025-09-29 13:36:43,104 INFO     ___FILE_ONLY___ Installing components from version: 540.0.0

2025-09-29 13:36:43,104 INFO     ___FILE_ONLY___ 

2025-09-29 13:36:43,104 DEBUG    root            Chosen display Format:table[box,title="These components will be removed."](details.display_name:label=Name:align=left,version.version_string:label=Version:align=right,data.size.size(zero="",min=1048576):label=Size:align=right)
2025-09-29 13:36:43,105 DEBUG    root            Chosen display Format:table[box,title="These components will be updated."](details.display_name:label=Name:align=left,version.version_string:label=Version:align=right,data.size.size(zero="",min=1048576):label=Size:align=right)
2025-09-29 13:36:43,105 DEBUG    root            Chosen display Format:table[box,title="These components will be installed."](details.display_name:label=Name:align=left,version.version_string:label=Version:align=right,data.size.size(zero="",min=1048576):label=Size:align=right)
2025-09-29 13:36:43,121 INFO     ___FILE_ONLY___ ┌────────────────────────────────────────────────┐
2025-09-29 13:36:43,121 INFO     ___FILE_ONLY___ 

2025-09-29 13:36:43,121 INFO     ___FILE_ONLY___ │      These components will be installed.       │
2025-09-29 13:36:43,121 INFO     ___FILE_ONLY___ 

2025-09-29 13:36:43,121 INFO     ___FILE_ONLY___ ├─────────────────────────┬────────────┬─────────┤
2025-09-29 13:36:43,121 INFO     ___FILE_ONLY___ 

2025-09-29 13:36:43,121 INFO     ___FILE_ONLY___ │           Name          │  Version   │   Size  │
2025-09-29 13:36:43,121 INFO     ___FILE_ONLY___ 

2025-09-29 13:36:43,121 INFO     ___FILE_ONLY___ ├─────────────────────────┼────────────┼─────────┤
2025-09-29 13:36:43,122 INFO     ___FILE_ONLY___ 

2025-09-29 13:36:43,122 INFO     ___FILE_ONLY___ │ 
2025-09-29 13:36:43,122 INFO     ___FILE_ONLY___ gcloud Alpha Commands  
2025-09-29 13:36:43,122 INFO     ___FILE_ONLY___  
2025-09-29 13:36:43,122 INFO     ___FILE_ONLY___ │ 
2025-09-29 13:36:43,122 INFO     ___FILE_ONLY___ 2025.09.23
2025-09-29 13:36:43,122 INFO     ___FILE_ONLY___  
2025-09-29 13:36:43,122 INFO     ___FILE_ONLY___ │ 
2025-09-29 13:36:43,122 INFO     ___FILE_ONLY___ < 1 MiB
2025-09-29 13:36:43,122 INFO     ___FILE_ONLY___  
2025-09-29 13:36:43,122 INFO     ___FILE_ONLY___ │
2025-09-29 13:36:43,122 INFO     ___FILE_ONLY___ 

2025-09-29 13:36:43,122 INFO     ___FILE_ONLY___ │ 
2025-09-29 13:36:43,123 INFO     ___FILE_ONLY___ gcloud Beta Commands   
2025-09-29 13:36:43,123 INFO     ___FILE_ONLY___  
2025-09-29 13:36:43,123 INFO     ___FILE_ONLY___ │ 
2025-09-29 13:36:43,123 INFO     ___FILE_ONLY___ 2025.09.23
2025-09-29 13:36:43,123 INFO     ___FILE_ONLY___  
2025-09-29 13:36:43,123 INFO     ___FILE_ONLY___ │ 
2025-09-29 13:36:43,123 INFO     ___FILE_ONLY___ < 1 MiB
2025-09-29 13:36:43,123 INFO     ___FILE_ONLY___  
2025-09-29 13:36:43,123 INFO     ___FILE_ONLY___ │
2025-09-29 13:36:43,123 INFO     ___FILE_ONLY___ 

2025-09-29 13:36:43,123 INFO     ___FILE_ONLY___ │ 
2025-09-29 13:36:43,123 INFO     ___FILE_ONLY___ gcloud Preview Commands
2025-09-29 13:36:43,123 INFO     ___FILE_ONLY___  
2025-09-29 13:36:43,124 INFO     ___FILE_ONLY___ │ 
2025-09-29 13:36:43,124 INFO     ___FILE_ONLY___           
2025-09-29 13:36:43,124 INFO     ___FILE_ONLY___  
2025-09-29 13:36:43,124 INFO     ___FILE_ONLY___ │ 
2025-09-29 13:36:43,124 INFO     ___FILE_ONLY___ < 1 MiB
2025-09-29 13:36:43,124 INFO     ___FILE_ONLY___  
2025-09-29 13:36:43,124 INFO     ___FILE_ONLY___ │
2025-09-29 13:36:43,124 INFO     ___FILE_ONLY___ 

2025-09-29 13:36:43,124 INFO     ___FILE_ONLY___ └─────────────────────────┴────────────┴─────────┘
2025-09-29 13:36:43,124 INFO     ___FILE_ONLY___ 

2025-09-29 13:36:43,124 INFO     ___FILE_ONLY___ 

2025-09-29 13:36:43,127 DEBUG    urllib3.connectionpool Starting new HTTPS connection (1): dl.google.com:443
2025-09-29 13:36:43,336 DEBUG    urllib3.connectionpool https://dl.google.com:443 "GET /dl/cloudsdk/channels/rapid/RELEASE_NOTES HTTP/11" 200 1487839
2025-09-29 13:36:43,830 INFO     ___FILE_ONLY___ For the latest full release notes, please visit:
  https://cloud.google.com/sdk/release_notes


2025-09-29 13:36:43,830 INFO     ___FILE_ONLY___ Performing in place update...


2025-09-29 13:36:43,832 INFO     ___FILE_ONLY___ ╔════════════════════════════════════════════════════════════╗

2025-09-29 13:36:43,832 INFO     ___FILE_ONLY___ ╠═ Downloading: gcloud Alpha Commands                       ═╣

2025-09-29 13:36:43,832 INFO     ___FILE_ONLY___ ╚
2025-09-29 13:36:43,835 DEBUG    urllib3.connectionpool Starting new HTTPS connection (1): dl.google.com:443
2025-09-29 13:36:44,039 DEBUG    urllib3.connectionpool https://dl.google.com:443 "GET /dl/cloudsdk/channels/rapid/components/google-cloud-sdk-alpha-20250923151237.tar.gz HTTP/11" 200 800
2025-09-29 13:36:44,039 INFO     ___FILE_ONLY___ ════════════════════════════════════════════════════════════
2025-09-29 13:36:44,040 INFO     ___FILE_ONLY___ ╝

2025-09-29 13:36:44,041 INFO     ___FILE_ONLY___ ╔════════════════════════════════════════════════════════════╗

2025-09-29 13:36:44,042 INFO     ___FILE_ONLY___ ╠═ Downloading: gcloud Beta Commands                        ═╣

2025-09-29 13:36:44,042 INFO     ___FILE_ONLY___ ╚
2025-09-29 13:36:44,044 DEBUG    urllib3.connectionpool Starting new HTTPS connection (1): dl.google.com:443
2025-09-29 13:36:44,248 DEBUG    urllib3.connectionpool https://dl.google.com:443 "GET /dl/cloudsdk/channels/rapid/components/google-cloud-sdk-beta-20250923151237.tar.gz HTTP/11" 200 797
2025-09-29 13:36:44,249 INFO     ___FILE_ONLY___ ════════════════════════════════════════════════════════════
2025-09-29 13:36:44,249 INFO     ___FILE_ONLY___ ╝

2025-09-29 13:36:44,251 INFO     ___FILE_ONLY___ ╔════════════════════════════════════════════════════════════╗

2025-09-29 13:36:44,251 INFO     ___FILE_ONLY___ ╠═ Downloading: gcloud Preview Commands                     ═╣

2025-09-29 13:36:44,251 INFO     ___FILE_ONLY___ ╚
2025-09-29 13:36:44,253 DEBUG    urllib3.connectionpool Starting new HTTPS connection (1): dl.google.com:443
2025-09-29 13:36:44,503 DEBUG    urllib3.connectionpool https://dl.google.com:443 "GET /dl/cloudsdk/channels/rapid/components/google-cloud-sdk-preview-20241115154308.tar.gz HTTP/11" 200 823
2025-09-29 13:36:44,504 INFO     ___FILE_ONLY___ ════════════════════════════════════════════════════════════
2025-09-29 13:36:44,504 INFO     ___FILE_ONLY___ ╝

2025-09-29 13:36:44,506 INFO     ___FILE_ONLY___ ╔════════════════════════════════════════════════════════════╗

2025-09-29 13:36:44,506 INFO     ___FILE_ONLY___ ╠═ Installing: gcloud Alpha Commands                        ═╣

2025-09-29 13:36:44,506 INFO     ___FILE_ONLY___ ╚
2025-09-29 13:36:44,507 INFO     ___FILE_ONLY___ ════════════════════════════════════════════════════════════
2025-09-29 13:36:44,507 INFO     ___FILE_ONLY___ ╝

2025-09-29 13:36:44,512 INFO     ___FILE_ONLY___ ╔════════════════════════════════════════════════════════════╗

2025-09-29 13:36:44,513 INFO     ___FILE_ONLY___ ╠═ Installing: gcloud Beta Commands                         ═╣

2025-09-29 13:36:44,513 INFO     ___FILE_ONLY___ ╚
2025-09-29 13:36:44,514 INFO     ___FILE_ONLY___ ════════════════════════════════════════════════════════════
2025-09-29 13:36:44,514 INFO     ___FILE_ONLY___ ╝

2025-09-29 13:36:44,518 INFO     ___FILE_ONLY___ ╔════════════════════════════════════════════════════════════╗

2025-09-29 13:36:44,518 INFO     ___FILE_ONLY___ ╠═ Installing: gcloud Preview Commands                      ═╣

2025-09-29 13:36:44,518 INFO     ___FILE_ONLY___ ╚
2025-09-29 13:36:44,519 INFO     ___FILE_ONLY___ ════════════════════════════════════════════════════════════
2025-09-29 13:36:44,519 INFO     ___FILE_ONLY___ ╝

2025-09-29 13:36:44,524 DEBUG    root            Updating notification cache...
2025-09-29 13:36:44,525 INFO     ___FILE_ONLY___ 

2025-09-29 13:36:44,527 INFO     ___FILE_ONLY___ Performing post processing steps...
2025-09-29 13:36:44,527 DEBUG    root            Executing command: ['/tools/google-cloud-sdk/bin/gcloud', 'components', 'post-process']
2025-09-29 13:36:53,089 DEBUG    ___FILE_ONLY___ 
2025-09-29 13:36:53,089 DEBUG    ___FILE_ONLY___ 
2025-09-29 13:36:53,293 INFO     root            descriptor_list: [{'universeDomain': 'googleapis.com', 'universeShortName': '', 'authenticationDomain': 'auth.cloud.google.com', 'projectPrefix': '', 'cloudWebDomain': 'cloud.google.com', 'documentationDomain': 'cloud.google.com', 'version': '1.0.0', 'state': 'primary', 'artifactRegistryDomain': 'pkg.dev'}]
2025-09-29 13:36:53,293 INFO     ___FILE_ONLY___ 
Update done!


2025-09-29 13:36:53,295 DEBUG    root            Chosen display Format:none
2025-09-29 13:36:53,295 INFO     root            Display format: "none"
